Using pre-set license
Built from '2020.3/staging' branch; Version is '2020.3.5f1 (8095aa901b9b) revision 8426922'; Using compiler version '192528614'; Build Type 'Release'
OS: 'Windows 10 Pro; OS build 19041.985; Version 2004; 64bit' Language: 'es' Physical Memory: 16332 MB
BatchMode: 1, IsHumanControllingUs: 0, StartBugReporterOnCrash: 0, Is64bit: 1, IsPro: 0

 COMMAND LINE ARGUMENTS:
C:\Program Files\Unity\Hub\Editor\2020.3.5f1\Editor\Unity.exe
-adb2
-batchMode
-noUpm
-name
AssetImportWorker0
-projectPath
C:/Users/ramon/Desktop/Desarrollo de videojuegos/repo clase/Proyecto1_FPS/Proyecto1_FPS
-logFile
Logs/AssetImportWorker0.log
-srvPort
60583
Successfully changed project path to: C:/Users/ramon/Desktop/Desarrollo de videojuegos/repo clase/Proyecto1_FPS/Proyecto1_FPS
C:/Users/ramon/Desktop/Desarrollo de videojuegos/repo clase/Proyecto1_FPS/Proyecto1_FPS
Using Asset Import Pipeline V2.
Refreshing native plugins compatible for Editor in 52.39 ms, found 0 plugins.
Preloading 0 native plugins for Editor in 0.00 ms.
Initialize engine version: 2020.3.5f1 (8095aa901b9b)
[Subsystems] Discovering subsystems at path C:/Program Files/Unity/Hub/Editor/2020.3.5f1/Editor/Data/Resources/UnitySubsystems
[Subsystems] Discovering subsystems at path C:/Users/ramon/Desktop/Desarrollo de videojuegos/repo clase/Proyecto1_FPS/Proyecto1_FPS/Assets
GfxDevice: creating device client; threaded=0
Direct3D:
    Version:  Direct3D 11.0 [level 11.1]
    Renderer: NVIDIA GeForce RTX 2060 (ID=0x1f08)
    Vendor:   
    VRAM:     5980 MB
    Driver:   27.21.14.6677
Initialize mono
Mono path[0] = 'C:/Program Files/Unity/Hub/Editor/2020.3.5f1/Editor/Data/Managed'
Mono path[1] = 'C:/Program Files/Unity/Hub/Editor/2020.3.5f1/Editor/Data/MonoBleedingEdge/lib/mono/unityjit'
Mono config path = 'C:/Program Files/Unity/Hub/Editor/2020.3.5f1/Editor/Data/MonoBleedingEdge/etc'
Using monoOptions --debugger-agent=transport=dt_socket,embedding=1,server=y,suspend=n,address=127.0.0.1:56520
Begin MonoManager ReloadAssembly
Registering precompiled unity dll's ...
Register platform support module: C:/Program Files/Unity/Hub/Editor/2020.3.5f1/Editor/Data/PlaybackEngines/WebGLSupport/UnityEditor.WebGL.Extensions.dll
Register platform support module: C:/Program Files/Unity/Hub/Editor/2020.3.5f1/Editor/Data/PlaybackEngines/WindowsStandaloneSupport/UnityEditor.WindowsStandalone.Extensions.dll
Registered in 0.003649 seconds.
Native extension for WindowsStandalone target not found
Native extension for WebGL target not found
Refreshing native plugins compatible for Editor in 57.19 ms, found 0 plugins.
Preloading 0 native plugins for Editor in 0.00 ms.
Mono: successfully reloaded assembly
- Completed reload, in  2.986 seconds
Platform modules already initialized, skipping
Registering precompiled user dll's ...
Registered in 0.003446 seconds.
Begin MonoManager ReloadAssembly
Native extension for WindowsStandalone target not found
Native extension for WebGL target not found
Refreshing native plugins compatible for Editor in 0.49 ms, found 0 plugins.
Preloading 0 native plugins for Editor in 0.00 ms.
Mono: successfully reloaded assembly
- Completed reload, in  1.023 seconds
Platform modules already initialized, skipping
========================================================================
Worker process is ready to serve import requests
Launched and connected shader compiler UnityShaderCompiler.exe after 0.05 seconds
Refreshing native plugins compatible for Editor in 0.48 ms, found 0 plugins.
Preloading 0 native plugins for Editor in 0.00 ms.
Unloading 1261 Unused Serialized files (Serialized files now loaded: 0)
System memory in use before: 98.6 MB.
System memory in use after: 98.3 MB.

Unloading 15 unused Assets to reduce memory usage. Loaded Objects now: 1744.
Total: 2.405900 ms (FindLiveObjects: 0.191700 ms CreateObjectMapping: 0.036600 ms MarkObjects: 1.736200 ms  DeleteObjects: 0.440000 ms)

========================================================================
Received Import Request.
  path: Assets/Modern Weapons Pack/Skorpion VZ/FBX
  artifactKey: Guid(375cba3c38110004cb60790a67e2e1c3) Importer(815301076,1909f56bfc062723c751e8b465ee728b)
Start importing Assets/Modern Weapons Pack/Skorpion VZ/FBX using Guid(375cba3c38110004cb60790a67e2e1c3) Importer(815301076,1909f56bfc062723c751e8b465ee728b)  -> (artifact id: '7fd6571685b05ecbb1b6728731d5bb66') in 0.013593 seconds
  Import took 0.017000 seconds .

========================================================================
Received Import Request.
  Time since last request: 0.000189 seconds.
  path: Assets/Modern Weapons Pack/Skorpion VZ/OBJ (Extra)
  artifactKey: Guid(14c2524fc280caf4d8dd4b7f463f40fe) Importer(815301076,1909f56bfc062723c751e8b465ee728b)
Start importing Assets/Modern Weapons Pack/Skorpion VZ/OBJ (Extra) using Guid(14c2524fc280caf4d8dd4b7f463f40fe) Importer(815301076,1909f56bfc062723c751e8b465ee728b)  -> (artifact id: '675bc83c6cae0ab8ee0b627d5b3ccfe1') in 0.008082 seconds
  Import took 0.010367 seconds .

========================================================================
Received Import Request.
  Time since last request: 0.000195 seconds.
  path: Assets/Modern Weapons Pack/Skorpion VZ/FBX/Skorpion VZ.fbx
  artifactKey: Guid(eb2136a3cdea8f84bb3b2ca2d025a818) Importer(815301076,1909f56bfc062723c751e8b465ee728b)
Start importing Assets/Modern Weapons Pack/Skorpion VZ/FBX/Skorpion VZ.fbx using Guid(eb2136a3cdea8f84bb3b2ca2d025a818) Importer(815301076,1909f56bfc062723c751e8b465ee728b)  -> (artifact id: 'f2f5e1f3f18727c82a382f3739155680') in 0.222489 seconds
  Import took 0.225166 seconds .

========================================================================
Received Import Request.
  Time since last request: 1.974128 seconds.
  path: Assets/Modern Weapons Pack/Ak-47/OBJ (Extra)
  artifactKey: Guid(1819f1cbcefb7574a91e68180a37e785) Importer(815301076,1909f56bfc062723c751e8b465ee728b)
Start importing Assets/Modern Weapons Pack/Ak-47/OBJ (Extra) using Guid(1819f1cbcefb7574a91e68180a37e785) Importer(815301076,1909f56bfc062723c751e8b465ee728b)  -> (artifact id: '62e11b8fa1431abb7f885926a5230f99') in 0.002827 seconds
  Import took 0.005417 seconds .

========================================================================
Received Import Request.
  Time since last request: 0.711335 seconds.
  path: Assets/Modern Weapons Pack/Ak-47/OBJ (Extra)/Ak-47.obj
  artifactKey: Guid(e8ef930c672fcce4a88723bcce7a2591) Importer(815301076,1909f56bfc062723c751e8b465ee728b)
Start importing Assets/Modern Weapons Pack/Ak-47/OBJ (Extra)/Ak-47.obj using Guid(e8ef930c672fcce4a88723bcce7a2591) Importer(815301076,1909f56bfc062723c751e8b465ee728b)  -> (artifact id: '76187644d89747f8f8abba7563e683fd') in 0.029427 seconds
  Import took 0.032234 seconds .

========================================================================
Received Import Request.
  Time since last request: 3.645209 seconds.
  path: Assets/Modern Weapons Pack/Ak-47/FBX/Ak-47.fbx
  artifactKey: Guid(cd8d56469cf64654eaa21e15c6ae7c18) Importer(815301076,1909f56bfc062723c751e8b465ee728b)
Start importing Assets/Modern Weapons Pack/Ak-47/FBX/Ak-47.fbx using Guid(cd8d56469cf64654eaa21e15c6ae7c18) Importer(815301076,1909f56bfc062723c751e8b465ee728b)  -> (artifact id: 'da8d5d1dca9ce00fe97b6d360290d4e9') in 0.085167 seconds
  Import took 0.088005 seconds .

========================================================================
Received Prepare
Registering precompiled user dll's ...
Registered in 0.003070 seconds.
Begin MonoManager ReloadAssembly
Native extension for WindowsStandalone target not found
Native extension for WebGL target not found
Refreshing native plugins compatible for Editor in 0.51 ms, found 0 plugins.
Preloading 0 native plugins for Editor in 0.00 ms.
Mono: successfully reloaded assembly
- Completed reload, in  0.985 seconds
Platform modules already initialized, skipping
Refreshing native plugins compatible for Editor in 0.49 ms, found 0 plugins.
Preloading 0 native plugins for Editor in 0.00 ms.
Unloading 1238 Unused Serialized files (Serialized files now loaded: 0)
System memory in use before: 100.1 MB.
System memory in use after: 99.8 MB.

Unloading 11 unused Assets to reduce memory usage. Loaded Objects now: 1757.
Total: 2.217300 ms (FindLiveObjects: 0.196000 ms CreateObjectMapping: 0.036500 ms MarkObjects: 1.561800 ms  DeleteObjects: 0.421700 ms)

========================================================================
Received Import Request.
  Time since last request: 494.304397 seconds.
  path: Assets/_GameAssets/Scripts/Player/Shooter/Gun
  artifactKey: Guid(714e654fd00d4db4d823a91e5a953943) Importer(815301076,1909f56bfc062723c751e8b465ee728b)
Start importing Assets/_GameAssets/Scripts/Player/Shooter/Gun using Guid(714e654fd00d4db4d823a91e5a953943) Importer(815301076,1909f56bfc062723c751e8b465ee728b)  -> (artifact id: '0995ef69805ca0ec6b35524a0561ded6') in 0.012756 seconds
  Import took 0.016000 seconds .

========================================================================
Received Import Request.
  Time since last request: 6.468815 seconds.
  path: Assets/_GameAssets/Scripts/Player/Shooter/Gun/Gun.cs
  artifactKey: Guid(699e7fa9d3f19fa4faf15a7cb7975a12) Importer(815301076,1909f56bfc062723c751e8b465ee728b)
Start importing Assets/_GameAssets/Scripts/Player/Shooter/Gun/Gun.cs using Guid(699e7fa9d3f19fa4faf15a7cb7975a12) Importer(815301076,1909f56bfc062723c751e8b465ee728b)  -> (artifact id: 'f0a869d5cf6faf125abb80de0af749b4') in 0.025305 seconds
  Import took 0.028955 seconds .

========================================================================
Received Prepare
Registering precompiled user dll's ...
Registered in 0.003040 seconds.
Begin MonoManager ReloadAssembly
Native extension for WindowsStandalone target not found
Native extension for WebGL target not found
Refreshing native plugins compatible for Editor in 0.57 ms, found 0 plugins.
Preloading 0 native plugins for Editor in 0.00 ms.
Mono: successfully reloaded assembly
- Completed reload, in  1.033 seconds
Platform modules already initialized, skipping
Refreshing native plugins compatible for Editor in 0.51 ms, found 0 plugins.
Preloading 0 native plugins for Editor in 0.00 ms.
Unloading 1239 Unused Serialized files (Serialized files now loaded: 0)
System memory in use before: 100.2 MB.
System memory in use after: 99.9 MB.

Unloading 10 unused Assets to reduce memory usage. Loaded Objects now: 1761.
Total: 2.711800 ms (FindLiveObjects: 0.193300 ms CreateObjectMapping: 0.034900 ms MarkObjects: 1.983600 ms  DeleteObjects: 0.498000 ms)

========================================================================
Received Prepare
Registering precompiled user dll's ...
Registered in 0.002912 seconds.
Begin MonoManager ReloadAssembly
Native extension for WindowsStandalone target not found
Native extension for WebGL target not found
Refreshing native plugins compatible for Editor in 0.52 ms, found 0 plugins.
Preloading 0 native plugins for Editor in 0.00 ms.
Mono: successfully reloaded assembly
- Completed reload, in  0.947 seconds
Platform modules already initialized, skipping
Refreshing native plugins compatible for Editor in 0.53 ms, found 0 plugins.
Preloading 0 native plugins for Editor in 0.00 ms.
Unloading 1239 Unused Serialized files (Serialized files now loaded: 0)
System memory in use before: 100.2 MB.
System memory in use after: 99.9 MB.

Unloading 10 unused Assets to reduce memory usage. Loaded Objects now: 1764.
Total: 4.066100 ms (FindLiveObjects: 0.336000 ms CreateObjectMapping: 0.047000 ms MarkObjects: 3.028500 ms  DeleteObjects: 0.651800 ms)

========================================================================
Received Import Request.
  Time since last request: 1291.891240 seconds.
  path: Assets/_GameAssets/Scripts/Player/Shooter/Gun/Gun.cs
  artifactKey: Guid(699e7fa9d3f19fa4faf15a7cb7975a12) Importer(815301076,1909f56bfc062723c751e8b465ee728b)
Start importing Assets/_GameAssets/Scripts/Player/Shooter/Gun/Gun.cs using Guid(699e7fa9d3f19fa4faf15a7cb7975a12) Importer(815301076,1909f56bfc062723c751e8b465ee728b)  -> (artifact id: 'bed7917484ba820c8119dea10cb3584b') in 0.014653 seconds
  Import took 0.017874 seconds .

========================================================================
Received Prepare
Registering precompiled user dll's ...
Registered in 0.002869 seconds.
Begin MonoManager ReloadAssembly
Native extension for WindowsStandalone target not found
Native extension for WebGL target not found
Refreshing native plugins compatible for Editor in 0.55 ms, found 0 plugins.
Preloading 0 native plugins for Editor in 0.00 ms.
Mono: successfully reloaded assembly
- Completed reload, in  0.980 seconds
Platform modules already initialized, skipping
Refreshing native plugins compatible for Editor in 0.49 ms, found 0 plugins.
Preloading 0 native plugins for Editor in 0.00 ms.
Unloading 1239 Unused Serialized files (Serialized files now loaded: 0)
System memory in use before: 100.2 MB.
System memory in use after: 99.9 MB.

Unloading 10 unused Assets to reduce memory usage. Loaded Objects now: 1767.
Total: 2.596900 ms (FindLiveObjects: 0.204200 ms CreateObjectMapping: 0.035000 ms MarkObjects: 1.809600 ms  DeleteObjects: 0.546400 ms)

========================================================================
Received Import Request.
  Time since last request: 250.457988 seconds.
  path: Assets/_GameAssets/Scripts/Player/Shooter/Gun/Gun.cs
  artifactKey: Guid(699e7fa9d3f19fa4faf15a7cb7975a12) Importer(815301076,1909f56bfc062723c751e8b465ee728b)
Start importing Assets/_GameAssets/Scripts/Player/Shooter/Gun/Gun.cs using Guid(699e7fa9d3f19fa4faf15a7cb7975a12) Importer(815301076,1909f56bfc062723c751e8b465ee728b)  -> (artifact id: '9c2606f25403d0ba869aba0466cb3906') in 0.008464 seconds
  Import took 0.011518 seconds .

========================================================================
Received Import Request.
  Time since last request: 7.536073 seconds.
  path: Assets/_GameAssets/Scripts/Player/Shooter/Gun/GunManager.cs
  artifactKey: Guid(142c5c1d14860a74db26b0d8485c3466) Importer(815301076,1909f56bfc062723c751e8b465ee728b)
Start importing Assets/_GameAssets/Scripts/Player/Shooter/Gun/GunManager.cs using Guid(142c5c1d14860a74db26b0d8485c3466) Importer(815301076,1909f56bfc062723c751e8b465ee728b)  -> (artifact id: '407290e349a87230cda3104bce15a928') in 0.011348 seconds
  Import took 0.014524 seconds .

========================================================================
Received Prepare
Registering precompiled user dll's ...
Registered in 0.003131 seconds.
Begin MonoManager ReloadAssembly
Native extension for WindowsStandalone target not found
Native extension for WebGL target not found
Refreshing native plugins compatible for Editor in 0.49 ms, found 0 plugins.
Preloading 0 native plugins for Editor in 0.00 ms.
Mono: successfully reloaded assembly
- Completed reload, in  1.052 seconds
Platform modules already initialized, skipping
Refreshing native plugins compatible for Editor in 0.52 ms, found 0 plugins.
Preloading 0 native plugins for Editor in 0.00 ms.
Unloading 1240 Unused Serialized files (Serialized files now loaded: 0)
System memory in use before: 100.2 MB.
System memory in use after: 99.9 MB.

Unloading 10 unused Assets to reduce memory usage. Loaded Objects now: 1771.
Total: 2.559500 ms (FindLiveObjects: 0.267700 ms CreateObjectMapping: 0.048400 ms MarkObjects: 1.740300 ms  DeleteObjects: 0.502000 ms)

========================================================================
Received Import Request.
  Time since last request: 144.499921 seconds.
  path: Assets/_GameAssets/Scripts/Player/Shooter/Gun/GunManager.cs
  artifactKey: Guid(142c5c1d14860a74db26b0d8485c3466) Importer(815301076,1909f56bfc062723c751e8b465ee728b)
Start importing Assets/_GameAssets/Scripts/Player/Shooter/Gun/GunManager.cs using Guid(142c5c1d14860a74db26b0d8485c3466) Importer(815301076,1909f56bfc062723c751e8b465ee728b)  -> (artifact id: '0ffeeb6ea6a7f95249cca504449492ac') in 0.008842 seconds
  Import took 0.011663 seconds .

========================================================================
Received Prepare
Registering precompiled user dll's ...
Registered in 0.002823 seconds.
Begin MonoManager ReloadAssembly
Native extension for WindowsStandalone target not found
Native extension for WebGL target not found
Refreshing native plugins compatible for Editor in 0.49 ms, found 0 plugins.
Preloading 0 native plugins for Editor in 0.00 ms.
Mono: successfully reloaded assembly
- Completed reload, in  0.960 seconds
Platform modules already initialized, skipping
Refreshing native plugins compatible for Editor in 0.52 ms, found 0 plugins.
Preloading 0 native plugins for Editor in 0.00 ms.
Unloading 1240 Unused Serialized files (Serialized files now loaded: 0)
System memory in use before: 100.3 MB.
System memory in use after: 100.0 MB.

Unloading 10 unused Assets to reduce memory usage. Loaded Objects now: 1774.
Total: 2.330300 ms (FindLiveObjects: 0.199200 ms CreateObjectMapping: 0.034700 ms MarkObjects: 1.571500 ms  DeleteObjects: 0.523700 ms)

========================================================================
Received Import Request.
  Time since last request: 98.933630 seconds.
  path: Assets/_GameAssets/Scripts/Player/Shooter/Gun/GunManager.cs
  artifactKey: Guid(142c5c1d14860a74db26b0d8485c3466) Importer(815301076,1909f56bfc062723c751e8b465ee728b)
Start importing Assets/_GameAssets/Scripts/Player/Shooter/Gun/GunManager.cs using Guid(142c5c1d14860a74db26b0d8485c3466) Importer(815301076,1909f56bfc062723c751e8b465ee728b)  -> (artifact id: '8b4c3d50bd2f03d10cf3e04c1c8ec972') in 0.008629 seconds
  Import took 0.011783 seconds .

========================================================================
Received Import Request.
  Time since last request: 9.998976 seconds.
  path: Assets/_GameAssets/Scripts/Player/Shooter/Gun/ShootGun.cs
  artifactKey: Guid(926a25f7945b40a4fa1788c41e24f7cc) Importer(815301076,1909f56bfc062723c751e8b465ee728b)
Start importing Assets/_GameAssets/Scripts/Player/Shooter/Gun/ShootGun.cs using Guid(926a25f7945b40a4fa1788c41e24f7cc) Importer(815301076,1909f56bfc062723c751e8b465ee728b)  -> (artifact id: 'a2c1d3304a2f53f20b7168d7eb700d34') in 0.009848 seconds
  Import took 0.012998 seconds .

========================================================================
Received Prepare
Registering precompiled user dll's ...
Registered in 0.002863 seconds.
Begin MonoManager ReloadAssembly
Native extension for WindowsStandalone target not found
Native extension for WebGL target not found
Refreshing native plugins compatible for Editor in 0.52 ms, found 0 plugins.
Preloading 0 native plugins for Editor in 0.00 ms.
Mono: successfully reloaded assembly
- Completed reload, in  0.956 seconds
Platform modules already initialized, skipping
Refreshing native plugins compatible for Editor in 0.55 ms, found 0 plugins.
Preloading 0 native plugins for Editor in 0.00 ms.
Unloading 1241 Unused Serialized files (Serialized files now loaded: 0)
System memory in use before: 100.3 MB.
System memory in use after: 100.0 MB.

Unloading 10 unused Assets to reduce memory usage. Loaded Objects now: 1778.
Total: 3.570700 ms (FindLiveObjects: 0.276100 ms CreateObjectMapping: 0.045100 ms MarkObjects: 2.393300 ms  DeleteObjects: 0.854400 ms)

========================================================================
Received Import Request.
  Time since last request: 104.011707 seconds.
  path: Assets/_GameAssets/Scripts/Player/Shooter/Gun/ShootGun.cs
  artifactKey: Guid(926a25f7945b40a4fa1788c41e24f7cc) Importer(815301076,1909f56bfc062723c751e8b465ee728b)
Start importing Assets/_GameAssets/Scripts/Player/Shooter/Gun/ShootGun.cs using Guid(926a25f7945b40a4fa1788c41e24f7cc) Importer(815301076,1909f56bfc062723c751e8b465ee728b)  -> (artifact id: 'efaaf5618545691b64061b06270e74e5') in 0.008486 seconds
  Import took 0.011494 seconds .

========================================================================
Received Import Request.
  Time since last request: 126.030063 seconds.
  path: Assets/_GameAssets/Scripts/Enemies/EnemyMovement/Enemy.cs
  artifactKey: Guid(16d00c3920f19c0419f58f148a9f9e1f) Importer(815301076,1909f56bfc062723c751e8b465ee728b)
Start importing Assets/_GameAssets/Scripts/Enemies/EnemyMovement/Enemy.cs using Guid(16d00c3920f19c0419f58f148a9f9e1f) Importer(815301076,1909f56bfc062723c751e8b465ee728b)  -> (artifact id: '280d786fc0f2eb5d761ab6300baa0e4c') in 0.010288 seconds
  Import took 0.013293 seconds .

========================================================================
Received Import Request.
  Time since last request: 0.027169 seconds.
  path: Assets/_GameAssets/Scripts/Enemies/EnemyMovement/Enemy.cs
  artifactKey: Guid(16d00c3920f19c0419f58f148a9f9e1f) Importer(815301076,1909f56bfc062723c751e8b465ee728b)
Start importing Assets/_GameAssets/Scripts/Enemies/EnemyMovement/Enemy.cs using Guid(16d00c3920f19c0419f58f148a9f9e1f) Importer(815301076,1909f56bfc062723c751e8b465ee728b)  -> (artifact id: '280d786fc0f2eb5d761ab6300baa0e4c') in 0.003648 seconds
  Import took 0.006188 seconds .

========================================================================
Received Prepare
Registering precompiled user dll's ...
Registered in 0.002934 seconds.
Begin MonoManager ReloadAssembly
Native extension for WindowsStandalone target not found
Native extension for WebGL target not found
Refreshing native plugins compatible for Editor in 0.79 ms, found 0 plugins.
Preloading 0 native plugins for Editor in 0.00 ms.
Mono: successfully reloaded assembly
- Completed reload, in  0.976 seconds
Platform modules already initialized, skipping
Refreshing native plugins compatible for Editor in 0.51 ms, found 0 plugins.
Preloading 0 native plugins for Editor in 0.00 ms.
Unloading 1241 Unused Serialized files (Serialized files now loaded: 0)
System memory in use before: 100.3 MB.
System memory in use after: 100.0 MB.

Unloading 10 unused Assets to reduce memory usage. Loaded Objects now: 1781.
Total: 2.426800 ms (FindLiveObjects: 0.233200 ms CreateObjectMapping: 0.034100 ms MarkObjects: 1.641100 ms  DeleteObjects: 0.517400 ms)

========================================================================
Received Prepare
Registering precompiled user dll's ...
Registered in 0.003045 seconds.
Begin MonoManager ReloadAssembly
Native extension for WindowsStandalone target not found
Native extension for WebGL target not found
Refreshing native plugins compatible for Editor in 0.50 ms, found 0 plugins.
Preloading 0 native plugins for Editor in 0.00 ms.
Mono: successfully reloaded assembly
- Completed reload, in  0.940 seconds
Platform modules already initialized, skipping
Refreshing native plugins compatible for Editor in 0.49 ms, found 0 plugins.
Preloading 0 native plugins for Editor in 0.00 ms.
Unloading 1241 Unused Serialized files (Serialized files now loaded: 0)
System memory in use before: 100.3 MB.
System memory in use after: 100.0 MB.

Unloading 10 unused Assets to reduce memory usage. Loaded Objects now: 1784.
Total: 2.587700 ms (FindLiveObjects: 0.204800 ms CreateObjectMapping: 0.037400 ms MarkObjects: 1.797100 ms  DeleteObjects: 0.547200 ms)

========================================================================
Received Import Request.
  Time since last request: 379.861614 seconds.
  path: ProjectSettings/TagManager.asset
  artifactKey: Guid(00000000000000003000000000000000) Importer(815301076,1909f56bfc062723c751e8b465ee728b)
Start importing ProjectSettings/TagManager.asset using Guid(00000000000000003000000000000000) Importer(815301076,1909f56bfc062723c751e8b465ee728b)  -> (artifact id: 'b6379c9c6ebaa7b117837a5e4439da35') in 0.027311 seconds
  Import took 0.030547 seconds .

========================================================================
Received Prepare
Registering precompiled user dll's ...
Registered in 0.003212 seconds.
Begin MonoManager ReloadAssembly
Native extension for WindowsStandalone target not found
Native extension for WebGL target not found
Refreshing native plugins compatible for Editor in 0.61 ms, found 0 plugins.
Preloading 0 native plugins for Editor in 0.00 ms.
Mono: successfully reloaded assembly
- Completed reload, in  0.995 seconds
Platform modules already initialized, skipping
Refreshing native plugins compatible for Editor in 0.54 ms, found 0 plugins.
Preloading 0 native plugins for Editor in 0.00 ms.
Unloading 1241 Unused Serialized files (Serialized files now loaded: 0)
System memory in use before: 100.3 MB.
System memory in use after: 100.0 MB.

Unloading 11 unused Assets to reduce memory usage. Loaded Objects now: 1787.
Total: 2.903600 ms (FindLiveObjects: 0.243100 ms CreateObjectMapping: 0.039000 ms MarkObjects: 2.069600 ms  DeleteObjects: 0.549600 ms)

========================================================================
Received Import Request.
  Time since last request: 704.393933 seconds.
  path: Assets/_GameAssets/Scripts/Player/Shooter/Gun/ShootGun.cs
  artifactKey: Guid(926a25f7945b40a4fa1788c41e24f7cc) Importer(815301076,1909f56bfc062723c751e8b465ee728b)
Start importing Assets/_GameAssets/Scripts/Player/Shooter/Gun/ShootGun.cs using Guid(926a25f7945b40a4fa1788c41e24f7cc) Importer(815301076,1909f56bfc062723c751e8b465ee728b)  -> (artifact id: 'd1b17513d4994906dc1bfd595772344f') in 0.009126 seconds
  Import took 0.012469 seconds .

========================================================================
Received Prepare
Registering precompiled user dll's ...
Registered in 0.003003 seconds.
Begin MonoManager ReloadAssembly
Native extension for WindowsStandalone target not found
Native extension for WebGL target not found
Refreshing native plugins compatible for Editor in 0.51 ms, found 0 plugins.
Preloading 0 native plugins for Editor in 0.00 ms.
Mono: successfully reloaded assembly
- Completed reload, in  0.934 seconds
Platform modules already initialized, skipping
Refreshing native plugins compatible for Editor in 0.57 ms, found 0 plugins.
Preloading 0 native plugins for Editor in 0.00 ms.
Unloading 1239 Unused Serialized files (Serialized files now loaded: 0)
System memory in use before: 100.3 MB.
System memory in use after: 100.0 MB.

Unloading 12 unused Assets to reduce memory usage. Loaded Objects now: 1788.
Total: 2.754500 ms (FindLiveObjects: 0.230700 ms CreateObjectMapping: 0.036500 ms MarkObjects: 1.918200 ms  DeleteObjects: 0.567500 ms)

========================================================================
Received Prepare
Registering precompiled user dll's ...
Registered in 0.003048 seconds.
Begin MonoManager ReloadAssembly
Native extension for WindowsStandalone target not found
Native extension for WebGL target not found
Refreshing native plugins compatible for Editor in 0.51 ms, found 0 plugins.
Preloading 0 native plugins for Editor in 0.00 ms.
Mono: successfully reloaded assembly
- Completed reload, in  0.952 seconds
Platform modules already initialized, skipping
Refreshing native plugins compatible for Editor in 0.56 ms, found 0 plugins.
Preloading 0 native plugins for Editor in 0.00 ms.
Unloading 1239 Unused Serialized files (Serialized files now loaded: 0)
System memory in use before: 100.3 MB.
System memory in use after: 100.0 MB.

Unloading 10 unused Assets to reduce memory usage. Loaded Objects now: 1791.
Total: 2.549900 ms (FindLiveObjects: 0.209100 ms CreateObjectMapping: 0.037300 ms MarkObjects: 1.771800 ms  DeleteObjects: 0.530300 ms)

========================================================================
Received Prepare
Registering precompiled user dll's ...
Registered in 0.003114 seconds.
Begin MonoManager ReloadAssembly
Native extension for WindowsStandalone target not found
Native extension for WebGL target not found
Refreshing native plugins compatible for Editor in 0.55 ms, found 0 plugins.
Preloading 0 native plugins for Editor in 0.00 ms.
Mono: successfully reloaded assembly
- Completed reload, in  0.985 seconds
Platform modules already initialized, skipping
Refreshing native plugins compatible for Editor in 0.56 ms, found 0 plugins.
Preloading 0 native plugins for Editor in 0.00 ms.
Unloading 1239 Unused Serialized files (Serialized files now loaded: 0)
System memory in use before: 100.3 MB.
System memory in use after: 100.0 MB.

Unloading 10 unused Assets to reduce memory usage. Loaded Objects now: 1794.
Total: 2.636500 ms (FindLiveObjects: 0.239300 ms CreateObjectMapping: 0.035400 ms MarkObjects: 1.821700 ms  DeleteObjects: 0.538800 ms)

========================================================================
Received Prepare
Registering precompiled user dll's ...
Registered in 0.002839 seconds.
Begin MonoManager ReloadAssembly
Native extension for WindowsStandalone target not found
Native extension for WebGL target not found
Refreshing native plugins compatible for Editor in 0.51 ms, found 0 plugins.
Preloading 0 native plugins for Editor in 0.00 ms.
Mono: successfully reloaded assembly
- Completed reload, in  0.923 seconds
Platform modules already initialized, skipping
Refreshing native plugins compatible for Editor in 0.55 ms, found 0 plugins.
Preloading 0 native plugins for Editor in 0.00 ms.
Unloading 1239 Unused Serialized files (Serialized files now loaded: 0)
System memory in use before: 100.3 MB.
System memory in use after: 100.0 MB.

Unloading 10 unused Assets to reduce memory usage. Loaded Objects now: 1797.
Total: 2.407900 ms (FindLiveObjects: 0.205800 ms CreateObjectMapping: 0.034800 ms MarkObjects: 1.622200 ms  DeleteObjects: 0.543800 ms)

========================================================================
Received Prepare
Registering precompiled user dll's ...
Registered in 0.003134 seconds.
Begin MonoManager ReloadAssembly
Native extension for WindowsStandalone target not found
Native extension for WebGL target not found
Refreshing native plugins compatible for Editor in 0.50 ms, found 0 plugins.
Preloading 0 native plugins for Editor in 0.00 ms.
Mono: successfully reloaded assembly
- Completed reload, in  0.958 seconds
Platform modules already initialized, skipping
Refreshing native plugins compatible for Editor in 0.52 ms, found 0 plugins.
Preloading 0 native plugins for Editor in 0.00 ms.
Unloading 1239 Unused Serialized files (Serialized files now loaded: 0)
System memory in use before: 100.3 MB.
System memory in use after: 100.0 MB.

Unloading 10 unused Assets to reduce memory usage. Loaded Objects now: 1800.
Total: 3.069000 ms (FindLiveObjects: 0.287800 ms CreateObjectMapping: 0.038700 ms MarkObjects: 2.151600 ms  DeleteObjects: 0.589300 ms)

========================================================================
Received Prepare
Registering precompiled user dll's ...
Registered in 0.002953 seconds.
Begin MonoManager ReloadAssembly
Native extension for WindowsStandalone target not found
Native extension for WebGL target not found
Refreshing native plugins compatible for Editor in 0.48 ms, found 0 plugins.
Preloading 0 native plugins for Editor in 0.00 ms.
Mono: successfully reloaded assembly
- Completed reload, in  0.926 seconds
Platform modules already initialized, skipping
Refreshing native plugins compatible for Editor in 0.59 ms, found 0 plugins.
Preloading 0 native plugins for Editor in 0.00 ms.
Unloading 1239 Unused Serialized files (Serialized files now loaded: 0)
System memory in use before: 100.3 MB.
System memory in use after: 100.0 MB.

Unloading 10 unused Assets to reduce memory usage. Loaded Objects now: 1803.
Total: 2.802600 ms (FindLiveObjects: 0.257700 ms CreateObjectMapping: 0.041000 ms MarkObjects: 1.948400 ms  DeleteObjects: 0.552600 ms)

========================================================================
Received Prepare
Registering precompiled user dll's ...
Registered in 0.003113 seconds.
Begin MonoManager ReloadAssembly
Native extension for WindowsStandalone target not found
Native extension for WebGL target not found
Refreshing native plugins compatible for Editor in 0.85 ms, found 0 plugins.
Preloading 0 native plugins for Editor in 0.00 ms.
Mono: successfully reloaded assembly
- Completed reload, in  0.971 seconds
Platform modules already initialized, skipping
Refreshing native plugins compatible for Editor in 0.50 ms, found 0 plugins.
Preloading 0 native plugins for Editor in 0.00 ms.
Unloading 1239 Unused Serialized files (Serialized files now loaded: 0)
System memory in use before: 100.3 MB.
System memory in use after: 100.0 MB.

Unloading 10 unused Assets to reduce memory usage. Loaded Objects now: 1806.
Total: 3.547800 ms (FindLiveObjects: 0.272300 ms CreateObjectMapping: 0.051300 ms MarkObjects: 2.515300 ms  DeleteObjects: 0.707500 ms)

AssetImportWorkerClient::OnTransportError - code=2 error=End of file
